2019-10-09 14:09:25,845 [INFO] - TestApi:Started update for: 840=>980
2019-10-09 14:09:25,846 [DEBUG] - TestApi:rate before: XRate(840=>980): 1.0
2019-10-09 14:09:25,944 [DEBUG] - TestApi:rate after: XRate(840=>980): 1.01
2019-10-09 14:09:25,945 [INFO] - TestApi:finished update for: 840=>980
2019-10-09 14:14:11,282 [INFO] - TestApi:Started update for: 840=>980
2019-10-09 14:14:11,285 [DEBUG] - TestApi:rate before: XRate(840=>980): 1.0
2019-10-09 14:14:11,370 [DEBUG] - TestApi:rate after: XRate(840=>980): 1.01
2019-10-09 14:14:11,370 [INFO] - TestApi:finished update for: 840=>980
2019-10-09 16:13:31,467 [INFO] - PrivatApi:Started update for: 840=>980
2019-10-09 16:13:31,468 [DEBUG] - PrivatApi:rate before: XRate(840=>980): 1.0
2019-10-09 16:13:31,967 [DEBUG] - PrivatApi:Private response: <bound method Response.json of <Response [200]>>
2019-10-09 16:14:31,070 [INFO] - PrivatApi:Started update for: 840=>980
2019-10-09 16:14:31,071 [DEBUG] - PrivatApi:rate before: XRate(840=>980): 1.0
2019-10-09 16:14:31,946 [DEBUG] - PrivatApi:Private response: <bound method Response.json of <Response [200]>>
2019-10-09 16:20:46,055 [INFO] - PrivatApi:Started update for: 840=>980
2019-10-09 16:20:46,056 [DEBUG] - PrivatApi:rate before: XRate(840=>980): 1.0
2019-10-09 16:20:46,567 [DEBUG] - PrivatApi:Private response: <bound method Response.json of <Response [200]>>
2019-10-09 16:22:09,448 [INFO] - PrivatApi:Started update for: 840=>980
2019-10-09 16:22:09,449 [DEBUG] - PrivatApi:rate before: XRate(840=>980): 1.0
2019-10-09 16:22:09,938 [DEBUG] - PrivatApi:Privat response: {'date': '01.12.2014', 'bank': 'PB', 'baseCurrency': 980, 'baseCurrencyLit': 'UAH', 'exchangeRate': [{'baseCurrency': 'UAH', 'currency': 'AUD', 'saleRateNB': 12.831925, 'purchaseRateNB': 12.831925}, {'baseCurrency': 'UAH', 'currency': 'CAD', 'saleRateNB': 13.21074, 'purchaseRateNB': 13.21074, 'saleRate': 15.0, 'purchaseRate': 13.0}, {'baseCurrency': 'UAH', 'currency': 'CZK', 'saleRateNB': 0.679695, 'purchaseRateNB': 0.679695, 'saleRate': 0.8, 'purchaseRate': 0.6}, {'baseCurrency': 'UAH', 'currency': 'DKK', 'saleRateNB': 2.525893, 'purchaseRateNB': 2.525893}, {'baseCurrency': 'UAH', 'currency': 'HUF', 'saleRateNB': 0.0612592, 'purchaseRateNB': 0.0612592}, {'baseCurrency': 'UAH', 'currency': 'ILS', 'saleRateNB': 3.862738, 'purchaseRateNB': 3.862738, 'saleRate': 4.5, 'purchaseRate': 3.7}, {'baseCurrency': 'UAH', 'currency': 'JPY', 'saleRateNB': 0.1272593, 'purchaseRateNB': 0.1272593, 'saleRate': 0.15, 'purchaseRate': 0.12}, {'baseCurrency': 'UAH', 'currency': 'LVL', 'saleRateNB': 0.1272593, 'purchaseRateNB': 0.1272593}, {'baseCurrency': 'UAH', 'currency': 'LTL', 'saleRateNB': 5.443385, 'purchaseRateNB': 5.443385}, {'baseCurrency': 'UAH', 'currency': 'NOK', 'saleRateNB': 2.160957, 'purchaseRateNB': 2.160957, 'saleRate': 2.6, 'purchaseRate': 2.1}, {'baseCurrency': 'UAH', 'currency': 'SKK', 'saleRateNB': 2.160957, 'purchaseRateNB': 2.160957}, {'baseCurrency': 'UAH', 'currency': 'SEK', 'saleRateNB': 2.028375, 'purchaseRateNB': 2.028375}, {'baseCurrency': 'UAH', 'currency': 'CHF', 'saleRateNB': 15.638975, 'purchaseRateNB': 15.638975, 'saleRate': 17.0, 'purchaseRate': 15.5}, {'baseCurrency': 'UAH', 'currency': 'RUB', 'saleRateNB': 0.30527, 'purchaseRateNB': 0.30527, 'saleRate': 0.32, 'purchaseRate': 0.28}, {'baseCurrency': 'UAH', 'currency': 'GBP', 'saleRateNB': 23.632491, 'purchaseRateNB': 23.632491, 'saleRate': 25.8, 'purchaseRate': 24.0}, {'baseCurrency': 'UAH', 'currency': 'USD', 'saleRateNB': 15.056413, 'purchaseRateNB': 15.056413, 'saleRate': 15.7, 'purchaseRate': 15.35}, {'baseCurrency': 'UAH', 'currency': 'BYR', 'saleRateNB': 0.00139, 'purchaseRateNB': 0.00139}, {'baseCurrency': 'UAH', 'currency': 'EUR', 'saleRateNB': 18.79492, 'purchaseRateNB': 18.79492, 'saleRate': 20.0, 'purchaseRate': 19.2}, {'baseCurrency': 'UAH', 'currency': 'GEL', 'saleRateNB': 8.150089, 'purchaseRateNB': 8.150089}, {'baseCurrency': 'UAH', 'currency': 'PLZ', 'saleRateNB': 4.492201, 'purchaseRateNB': 4.492201, 'saleRate': 5.0, 'purchaseRate': 4.2}]}
2019-10-09 16:23:10,961 [INFO] - PrivatApi:Started update for: 840=>980
2019-10-09 16:23:10,962 [DEBUG] - PrivatApi:rate before: XRate(840=>980): 1.0
2019-10-09 16:23:11,452 [DEBUG] - PrivatApi:Privat response: {'date': '01.12.2014', 'bank': 'PB', 'baseCurrency': 980, 'baseCurrencyLit': 'UAH', 'exchangeRate': [{'baseCurrency': 'UAH', 'currency': 'AUD', 'saleRateNB': 12.831925, 'purchaseRateNB': 12.831925}, {'baseCurrency': 'UAH', 'currency': 'CAD', 'saleRateNB': 13.21074, 'purchaseRateNB': 13.21074, 'saleRate': 15.0, 'purchaseRate': 13.0}, {'baseCurrency': 'UAH', 'currency': 'CZK', 'saleRateNB': 0.679695, 'purchaseRateNB': 0.679695, 'saleRate': 0.8, 'purchaseRate': 0.6}, {'baseCurrency': 'UAH', 'currency': 'DKK', 'saleRateNB': 2.525893, 'purchaseRateNB': 2.525893}, {'baseCurrency': 'UAH', 'currency': 'HUF', 'saleRateNB': 0.0612592, 'purchaseRateNB': 0.0612592}, {'baseCurrency': 'UAH', 'currency': 'ILS', 'saleRateNB': 3.862738, 'purchaseRateNB': 3.862738, 'saleRate': 4.5, 'purchaseRate': 3.7}, {'baseCurrency': 'UAH', 'currency': 'JPY', 'saleRateNB': 0.1272593, 'purchaseRateNB': 0.1272593, 'saleRate': 0.15, 'purchaseRate': 0.12}, {'baseCurrency': 'UAH', 'currency': 'LVL', 'saleRateNB': 0.1272593, 'purchaseRateNB': 0.1272593}, {'baseCurrency': 'UAH', 'currency': 'LTL', 'saleRateNB': 5.443385, 'purchaseRateNB': 5.443385}, {'baseCurrency': 'UAH', 'currency': 'NOK', 'saleRateNB': 2.160957, 'purchaseRateNB': 2.160957, 'saleRate': 2.6, 'purchaseRate': 2.1}, {'baseCurrency': 'UAH', 'currency': 'SKK', 'saleRateNB': 2.160957, 'purchaseRateNB': 2.160957}, {'baseCurrency': 'UAH', 'currency': 'SEK', 'saleRateNB': 2.028375, 'purchaseRateNB': 2.028375}, {'baseCurrency': 'UAH', 'currency': 'CHF', 'saleRateNB': 15.638975, 'purchaseRateNB': 15.638975, 'saleRate': 17.0, 'purchaseRate': 15.5}, {'baseCurrency': 'UAH', 'currency': 'RUB', 'saleRateNB': 0.30527, 'purchaseRateNB': 0.30527, 'saleRate': 0.32, 'purchaseRate': 0.28}, {'baseCurrency': 'UAH', 'currency': 'GBP', 'saleRateNB': 23.632491, 'purchaseRateNB': 23.632491, 'saleRate': 25.8, 'purchaseRate': 24.0}, {'baseCurrency': 'UAH', 'currency': 'USD', 'saleRateNB': 15.056413, 'purchaseRateNB': 15.056413, 'saleRate': 15.7, 'purchaseRate': 15.35}, {'baseCurrency': 'UAH', 'currency': 'BYR', 'saleRateNB': 0.00139, 'purchaseRateNB': 0.00139}, {'baseCurrency': 'UAH', 'currency': 'EUR', 'saleRateNB': 18.79492, 'purchaseRateNB': 18.79492, 'saleRate': 20.0, 'purchaseRate': 19.2}, {'baseCurrency': 'UAH', 'currency': 'GEL', 'saleRateNB': 8.150089, 'purchaseRateNB': 8.150089}, {'baseCurrency': 'UAH', 'currency': 'PLZ', 'saleRateNB': 4.492201, 'purchaseRateNB': 4.492201, 'saleRate': 5.0, 'purchaseRate': 4.2}]}
2019-10-09 16:25:00,368 [INFO] - TestApi:Started update for: 840=>980
2019-10-09 16:25:00,369 [DEBUG] - TestApi:rate before: XRate(840=>980): 1.0
2019-10-09 16:25:00,466 [DEBUG] - TestApi:rate after: XRate(840=>980): 1.01
2019-10-09 16:25:00,466 [INFO] - TestApi:finished update for: 840=>980
2019-10-09 16:25:00,901 [INFO] - PrivatApi:Started update for: 840=>980
2019-10-09 16:25:00,902 [DEBUG] - PrivatApi:rate before: XRate(840=>980): 1.0
2019-10-09 16:25:01,449 [DEBUG] - PrivatApi:Privat response: {'date': '01.12.2014', 'bank': 'PB', 'baseCurrency': 980, 'baseCurrencyLit': 'UAH', 'exchangeRate': [{'baseCurrency': 'UAH', 'currency': 'AUD', 'saleRateNB': 12.831925, 'purchaseRateNB': 12.831925}, {'baseCurrency': 'UAH', 'currency': 'CAD', 'saleRateNB': 13.21074, 'purchaseRateNB': 13.21074, 'saleRate': 15.0, 'purchaseRate': 13.0}, {'baseCurrency': 'UAH', 'currency': 'CZK', 'saleRateNB': 0.679695, 'purchaseRateNB': 0.679695, 'saleRate': 0.8, 'purchaseRate': 0.6}, {'baseCurrency': 'UAH', 'currency': 'DKK', 'saleRateNB': 2.525893, 'purchaseRateNB': 2.525893}, {'baseCurrency': 'UAH', 'currency': 'HUF', 'saleRateNB': 0.0612592, 'purchaseRateNB': 0.0612592}, {'baseCurrency': 'UAH', 'currency': 'ILS', 'saleRateNB': 3.862738, 'purchaseRateNB': 3.862738, 'saleRate': 4.5, 'purchaseRate': 3.7}, {'baseCurrency': 'UAH', 'currency': 'JPY', 'saleRateNB': 0.1272593, 'purchaseRateNB': 0.1272593, 'saleRate': 0.15, 'purchaseRate': 0.12}, {'baseCurrency': 'UAH', 'currency': 'LVL', 'saleRateNB': 0.1272593, 'purchaseRateNB': 0.1272593}, {'baseCurrency': 'UAH', 'currency': 'LTL', 'saleRateNB': 5.443385, 'purchaseRateNB': 5.443385}, {'baseCurrency': 'UAH', 'currency': 'NOK', 'saleRateNB': 2.160957, 'purchaseRateNB': 2.160957, 'saleRate': 2.6, 'purchaseRate': 2.1}, {'baseCurrency': 'UAH', 'currency': 'SKK', 'saleRateNB': 2.160957, 'purchaseRateNB': 2.160957}, {'baseCurrency': 'UAH', 'currency': 'SEK', 'saleRateNB': 2.028375, 'purchaseRateNB': 2.028375}, {'baseCurrency': 'UAH', 'currency': 'CHF', 'saleRateNB': 15.638975, 'purchaseRateNB': 15.638975, 'saleRate': 17.0, 'purchaseRate': 15.5}, {'baseCurrency': 'UAH', 'currency': 'RUB', 'saleRateNB': 0.30527, 'purchaseRateNB': 0.30527, 'saleRate': 0.32, 'purchaseRate': 0.28}, {'baseCurrency': 'UAH', 'currency': 'GBP', 'saleRateNB': 23.632491, 'purchaseRateNB': 23.632491, 'saleRate': 25.8, 'purchaseRate': 24.0}, {'baseCurrency': 'UAH', 'currency': 'USD', 'saleRateNB': 15.056413, 'purchaseRateNB': 15.056413, 'saleRate': 15.7, 'purchaseRate': 15.35}, {'baseCurrency': 'UAH', 'currency': 'BYR', 'saleRateNB': 0.00139, 'purchaseRateNB': 0.00139}, {'baseCurrency': 'UAH', 'currency': 'EUR', 'saleRateNB': 18.79492, 'purchaseRateNB': 18.79492, 'saleRate': 20.0, 'purchaseRate': 19.2}, {'baseCurrency': 'UAH', 'currency': 'GEL', 'saleRateNB': 8.150089, 'purchaseRateNB': 8.150089}, {'baseCurrency': 'UAH', 'currency': 'PLZ', 'saleRateNB': 4.492201, 'purchaseRateNB': 4.492201, 'saleRate': 5.0, 'purchaseRate': 4.2}]}
2019-10-09 16:31:55,277 [INFO] - TestApi:Started update for: 840=>980
2019-10-09 16:31:55,278 [DEBUG] - TestApi:rate before: 1
2019-10-09 16:31:55,376 [DEBUG] - TestApi:rate after: 1
2019-10-09 16:31:55,376 [INFO] - TestApi:Finished update for: 840=>980
2019-10-09 16:31:55,810 [INFO] - PrivatApi:Started update for: 840=>980
2019-10-09 16:31:55,811 [DEBUG] - PrivatApi:rate before: 1
2019-10-09 16:31:56,278 [DEBUG] - PrivatApi:Privat response: [{'ccy': 'USD', 'base_ccy': 'UAH', 'buy': '24.70000', 'sale': '25.12563'}, {'ccy': 'EUR', 'base_ccy': 'UAH', 'buy': '26.90000', 'sale': '27.54821'}, {'ccy': 'RUR', 'base_ccy': 'UAH', 'buy': '0.35100', 'sale': '0.38601'}, {'ccy': 'BTC', 'base_ccy': 'USD', 'buy': '7782.5805', 'sale': '8601.7995'}]
2019-10-09 16:31:56,398 [DEBUG] - PrivatApi:rate after: 1
2019-10-09 16:31:56,398 [INFO] - PrivatApi:Finished update for: 840=>980
2019-10-09 16:32:10,746 [INFO] - TestApi:Started update for: 840=>980
2019-10-09 16:32:10,747 [DEBUG] - TestApi:rate before: 1
2019-10-09 16:32:10,876 [DEBUG] - TestApi:rate after: 1
2019-10-09 16:32:10,876 [INFO] - TestApi:Finished update for: 840=>980
2019-10-09 16:32:11,288 [INFO] - PrivatApi:Started update for: 840=>980
2019-10-09 16:32:11,289 [DEBUG] - PrivatApi:rate before: 1
2019-10-09 16:32:11,750 [DEBUG] - PrivatApi:Privat response: [{'ccy': 'USD', 'base_ccy': 'UAH', 'buy': '24.70000', 'sale': '25.12563'}, {'ccy': 'EUR', 'base_ccy': 'UAH', 'buy': '26.90000', 'sale': '27.54821'}, {'ccy': 'RUR', 'base_ccy': 'UAH', 'buy': '0.35100', 'sale': '0.38601'}, {'ccy': 'BTC', 'base_ccy': 'USD', 'buy': '7782.5805', 'sale': '8601.7995'}]
2019-10-09 16:32:11,854 [DEBUG] - PrivatApi:rate after: 1
2019-10-09 16:32:11,854 [INFO] - PrivatApi:Finished update for: 840=>980
2019-10-10 18:48:11,890 [INFO] - TestApi:Started update for: 840=>980
2019-10-10 18:48:11,906 [DEBUG] - TestApi:rate before: 1
2019-10-10 18:48:11,999 [DEBUG] - TestApi:rate after: 1
2019-10-10 18:48:12,000 [INFO] - TestApi:Finished update for: 840=>980
2019-10-10 23:55:15,525 [INFO] - TestApi:Started update for: 840=>980
2019-10-10 23:55:15,526 [DEBUG] - TestApi:rate before: 1
2019-10-10 23:55:15,635 [DEBUG] - TestApi:rate after: 1
2019-10-10 23:55:15,635 [INFO] - TestApi:Finished update for: 840=>980
2019-10-10 23:55:34,626 [INFO] - TestApi:Started update for: 840=>980
2019-10-10 23:55:34,627 [DEBUG] - TestApi:rate before: 1
2019-10-10 23:55:34,714 [DEBUG] - TestApi:rate after: 1
2019-10-10 23:55:34,714 [INFO] - TestApi:Finished update for: 840=>980
2019-10-10 23:55:35,181 [INFO] - PrivatApi:Started update for: 840=>980
2019-10-10 23:55:35,183 [DEBUG] - PrivatApi:rate before: 1
2019-10-10 23:55:35,680 [DEBUG] - PrivatApi:Privat response: [{'ccy': 'USD', 'base_ccy': 'UAH', 'buy': '24.65000', 'sale': '25.06266'}, {'ccy': 'EUR', 'base_ccy': 'UAH', 'buy': '26.85000', 'sale': '27.54821'}, {'ccy': 'RUR', 'base_ccy': 'UAH', 'buy': '0.35100', 'sale': '0.38601'}, {'ccy': 'BTC', 'base_ccy': 'USD', 'buy': '8148.7359', 'sale': '9006.4975'}]
2019-10-10 23:55:35,792 [DEBUG] - PrivatApi:rate after: 1
2019-10-10 23:55:35,792 [INFO] - PrivatApi:Finished update for: 840=>980
2019-10-10 23:57:23,788 [INFO] - TestApi:Started update for: 840=>980
2019-10-10 23:57:23,789 [DEBUG] - TestApi:rate before: 1
2019-10-10 23:57:23,886 [DEBUG] - TestApi:rate after: 1
2019-10-10 23:57:23,886 [INFO] - TestApi:Finished update for: 840=>980
2019-10-11 00:02:18,390 [INFO] - TestApi:Started update for: 840=>980
2019-10-11 00:02:18,391 [DEBUG] - TestApi:rate before: 1
2019-10-11 00:02:18,501 [DEBUG] - TestApi:rate after: 1
2019-10-11 00:02:18,501 [INFO] - TestApi:Finished update for: 840=>980
2019-10-11 00:02:18,902 [INFO] - PrivatApi:Started update for: 840=>980
2019-10-11 00:02:18,903 [DEBUG] - PrivatApi:rate before: 1
2019-10-11 00:02:19,356 [DEBUG] - PrivatApi:Privat response: [{'ccy': 'USD', 'base_ccy': 'UAH', 'buy': '24.65000', 'sale': '25.06266'}, {'ccy': 'EUR', 'base_ccy': 'UAH', 'buy': '26.85000', 'sale': '27.54821'}, {'ccy': 'RUR', 'base_ccy': 'UAH', 'buy': '0.35100', 'sale': '0.38601'}, {'ccy': 'BTC', 'base_ccy': 'USD', 'buy': '8153.0631', 'sale': '9011.2803'}]
2019-10-11 00:02:19,456 [DEBUG] - PrivatApi:rate after: 1
2019-10-11 00:02:19,456 [INFO] - PrivatApi:Finished update for: 840=>980
2019-10-11 00:04:21,408 [INFO] - TestApi:Started update for: 840=>980
2019-10-11 00:04:21,409 [DEBUG] - TestApi:rate before: 1
2019-10-11 00:04:21,517 [DEBUG] - TestApi:rate after: 1
2019-10-11 00:04:21,517 [INFO] - TestApi:Finished update for: 840=>980
2019-10-11 00:04:21,929 [INFO] - PrivatApi:Started update for: 840=>980
2019-10-11 00:04:21,930 [DEBUG] - PrivatApi:rate before: 1
2019-10-11 00:04:22,395 [DEBUG] - PrivatApi:Privat response: [{'ccy': 'USD', 'base_ccy': 'UAH', 'buy': '24.65000', 'sale': '25.06266'}, {'ccy': 'EUR', 'base_ccy': 'UAH', 'buy': '26.85000', 'sale': '27.54821'}, {'ccy': 'RUR', 'base_ccy': 'UAH', 'buy': '0.35100', 'sale': '0.38601'}, {'ccy': 'BTC', 'base_ccy': 'USD', 'buy': '8162.2765', 'sale': '9021.4635'}]
2019-10-11 00:04:22,507 [DEBUG] - PrivatApi:rate after: 1
2019-10-11 00:04:22,507 [INFO] - PrivatApi:Finished update for: 840=>980
2019-10-11 00:06:06,047 [INFO] - TestApi:Started update for: 840=>980
2019-10-11 00:06:06,048 [DEBUG] - TestApi:rate before: 1
2019-10-11 00:06:06,156 [DEBUG] - TestApi:rate after: 1
2019-10-11 00:06:06,156 [INFO] - TestApi:Finished update for: 840=>980
2019-10-11 00:06:06,569 [INFO] - PrivatApi:Started update for: 840=>980
2019-10-11 00:06:06,569 [DEBUG] - PrivatApi:rate before: 1
2019-10-11 00:06:07,027 [DEBUG] - PrivatApi:Privat response: [{'ccy': 'USD', 'base_ccy': 'UAH', 'buy': '24.65000', 'sale': '25.06266'}, {'ccy': 'EUR', 'base_ccy': 'UAH', 'buy': '26.85000', 'sale': '27.54821'}, {'ccy': 'RUR', 'base_ccy': 'UAH', 'buy': '0.35100', 'sale': '0.38601'}, {'ccy': 'BTC', 'base_ccy': 'USD', 'buy': '8162.2765', 'sale': '9021.4635'}]
2019-10-11 00:06:07,167 [DEBUG] - PrivatApi:rate after: 1
2019-10-11 00:06:07,167 [INFO] - PrivatApi:Finished update for: 840=>980
2019-10-11 00:06:31,670 [INFO] - TestApi:Started update for: 840=>980
2019-10-11 00:06:31,671 [DEBUG] - TestApi:rate before: 1
2019-10-11 00:06:31,769 [DEBUG] - TestApi:rate after: 1
2019-10-11 00:06:31,769 [INFO] - TestApi:Finished update for: 840=>980
2019-10-11 00:06:32,236 [INFO] - PrivatApi:Started update for: 840=>980
2019-10-11 00:06:32,237 [DEBUG] - PrivatApi:rate before: 1
2019-10-11 00:06:32,693 [DEBUG] - PrivatApi:Privat response: [{'ccy': 'USD', 'base_ccy': 'UAH', 'buy': '24.65000', 'sale': '25.06266'}, {'ccy': 'EUR', 'base_ccy': 'UAH', 'buy': '26.85000', 'sale': '27.54821'}, {'ccy': 'RUR', 'base_ccy': 'UAH', 'buy': '0.35100', 'sale': '0.38601'}, {'ccy': 'BTC', 'base_ccy': 'USD', 'buy': '8172.5524', 'sale': '9032.8210'}]
2019-10-11 00:06:32,791 [DEBUG] - PrivatApi:rate after: 1
2019-10-11 00:06:32,791 [INFO] - PrivatApi:Finished update for: 840=>980
2019-10-11 00:08:33,058 [INFO] - CbrApi:Started update for: 840=>643
2019-10-11 00:08:33,059 [DEBUG] - CbrApi:rate before: XRate(840=>643): 1.0
2019-10-11 00:08:33,124 [DEBUG] - CbrApi:response.encoding: windows-1251
2019-10-11 00:08:33,124 [DEBUG] - CbrApi:response.text: <?xml version="1.0" encoding="windows-1251"?><Valuta name="Foreign Currency Market Lib"><Item ID="R01010"><Name>Австралийский доллар</Name><EngName>Australian Dollar</EngName><Nominal>1</Nominal><ParentCode>R01010    </ParentCode></Item><Item ID="R01015"><Name>Австрийский шиллинг</Name><EngName>Austrian Shilling</EngName><Nominal>1000</Nominal><ParentCode>R01015    </ParentCode></Item><Item ID="R01020A"><Name>Азербайджанский манат</Name><EngName>Azerbaijan Manat</EngName><Nominal>1</Nominal><ParentCode>R01020    </ParentCode></Item><Item ID="R01035"><Name>Фунт стерлингов Соединенного королевства</Name><EngName>British Pound Sterling</EngName><Nominal>1</Nominal><ParentCode>R01035    </ParentCode></Item><Item ID="R01040F"><Name>Ангольская новая кванза</Name><EngName>Angolan new Kwanza</EngName><Nominal>100000</Nominal><ParentCode>R01040    </ParentCode></Item><Item ID="R01060"><Name>Армянский драм</Name><EngName>Armenia Dram</EngName><Nominal>1000</Nominal><ParentCode>R01060    </ParentCode></Item><Item ID="R01090B"><Name>Белорусский рубль</Name><EngName>Belarussian Ruble</EngName><Nominal>1</Nominal><ParentCode>R01090    </ParentCode></Item><Item ID="R01095"><Name>Бельгийский франк</Name><EngName>Belgium Franc</EngName><Nominal>1000</Nominal><ParentCode>R01095    </ParentCode></Item><Item ID="R01100"><Name>Болгарский лев</Name><EngName>Bulgarian lev</EngName><Nominal>1</Nominal><ParentCode>R01100    </ParentCode></Item><Item ID="R01115"><Name>Бразильский реал</Name><EngName>Brazil Real</EngName><Nominal>1</Nominal><ParentCode>R01115    </ParentCode></Item><Item ID="R01135"><Name>Венгерский форинт</Name><EngName>Hungarian Forint</EngName><Nominal>100</Nominal><ParentCode>R01135    </ParentCode></Item><Item ID="R01200"><Name>Гонконгский доллар</Name><EngName>Hong Kong Dollar</EngName><Nominal>10</Nominal><ParentCode>R01200    </ParentCode></Item><Item ID="R01205"><Name>Греческая драхма</Name><EngName>Greek Drachma</EngName><Nominal>10000</Nominal><ParentCode>R01205    </ParentCode></Item><Item ID="R01215"><Name>Датская крона</Name><EngName>Danish Krone</EngName><Nominal>10</Nominal><ParentCode>R01215    </ParentCode></Item><Item ID="R01235"><Name>Доллар США</Name><EngName>US Dollar</EngName><Nominal>1</Nominal><ParentCode>R01235    </ParentCode></Item><Item ID="R01239"><Name>Евро</Name><EngName>Euro</EngName><Nominal>1</Nominal><ParentCode>R01239    </ParentCode></Item><Item ID="R01270"><Name>Индийская рупия</Name><EngName>Indian Rupee</EngName><Nominal>100</Nominal><ParentCode>R01270    </ParentCode></Item><Item ID="R01305"><Name>Ирландский фунт</Name><EngName>Irish Pound</EngName><Nominal>100</Nominal><ParentCode>R01305    </ParentCode></Item><Item ID="R01310"><Name>Исландская крона</Name><EngName>Iceland Krona</EngName><Nominal>10000</Nominal><ParentCode>R01310    </ParentCode></Item><Item ID="R01315"><Name>Испанская песета</Name><EngName>Spanish Peseta</EngName><Nominal>10000</Nominal><ParentCode>R01315    </ParentCode></Item><Item ID="R01325"><Name>Итальянская лира</Name><EngName>Italian Lira</EngName><Nominal>100000</Nominal><ParentCode>R01325    </ParentCode></Item><Item ID="R01335"><Name>Казахстанский тенге</Name><EngName>Kazakhstan Tenge</EngName><Nominal>100</Nominal><ParentCode>R01335    </ParentCode></Item><Item ID="R01350"><Name>Канадский доллар</Name><EngName>Canadian Dollar</EngName><Nominal>1</Nominal><ParentCode>R01350    </ParentCode></Item><Item ID="R01370"><Name>Киргизский сом</Name><EngName>Kyrgyzstan Som</EngName><Nominal>100</Nominal><ParentCode>R01370    </ParentCode></Item><Item ID="R01375"><Name>Китайский юань</Name><EngName>China Yuan</EngName><Nominal>10</Nominal><ParentCode>R01375    </ParentCode></Item><Item ID="R01390"><Name>Кувейтский динар</Name><EngName>Kuwaiti Dinar</EngName><Nominal>10</Nominal><ParentCode>R01390    </ParentCode></Item><Item ID="R01405"><Name>Латвийский лат</Name><EngName>Latvian Lat</EngName><Nominal>1</Nominal><ParentCode>R01405    </ParentCode></Item><Item ID="R01420"><Name>Ливанский фунт</Name><EngName>Lebanese Pound</EngName><Nominal>100000</Nominal><ParentCode>R01420    </ParentCode></Item><Item ID="R01435"><Name>Литовский лит</Name><EngName>Lithuanian Lita</EngName><Nominal>1</Nominal><ParentCode>R01435    </ParentCode></Item><Item ID="R01436"><Name>Литовский талон</Name><EngName>Lithuanian talon</EngName><Nominal>1</Nominal><ParentCode>R01435    </ParentCode></Item><Item ID="R01500"><Name>Молдавский лей</Name><EngName>Moldova Lei</EngName><Nominal>10</Nominal><ParentCode>R01500    </ParentCode></Item><Item ID="R01510"><Name>Немецкая марка</Name><EngName>Deutsche Mark</EngName><Nominal>1</Nominal><ParentCode>R01510    </ParentCode></Item><Item ID="R01510A"><Name>Немецкая марка</Name><EngName>Deutsche Mark</EngName><Nominal>100</Nominal><ParentCode>R01510    </ParentCode></Item><Item ID="R01523"><Name>Нидерландский гульден</Name><EngName>Netherlands Gulden</EngName><Nominal>100</Nominal><ParentCode>R01523    </ParentCode></Item><Item ID="R01535"><Name>Норвежская крона</Name><EngName>Norwegian Krone</EngName><Nominal>10</Nominal><ParentCode>R01535    </ParentCode></Item><Item ID="R01565"><Name>Польский злотый</Name><EngName>Polish Zloty</EngName><Nominal>1</Nominal><ParentCode>R01565    </ParentCode></Item><Item ID="R01570"><Name>Португальский эскудо</Name><EngName>Portuguese Escudo</EngName><Nominal>10000</Nominal><ParentCode>R01570    </ParentCode></Item><Item ID="R01585"><Name>Румынский лей</Name><EngName>Romanian Leu</EngName><Nominal>10000</Nominal><ParentCode>R01585    </ParentCode></Item><Item ID="R01585F"><Name>Румынский лей</Name><EngName>Romanian Leu</EngName><Nominal>10</Nominal><ParentCode>R01585    </ParentCode></Item><Item ID="R01589"><Name>СДР (специальные права заимствования)</Name><EngName>SDR</EngName><Nominal>1</Nominal><ParentCode>R01589    </ParentCode></Item><Item ID="R01625"><Name>Сингапурский доллар</Name><EngName>Singapore Dollar</EngName><Nominal>1</Nominal><ParentCode>R01625    </ParentCode></Item><Item ID="R01665A"><Name>Суринамский доллар</Name><EngName>Surinam Dollar</EngName><Nominal>1</Nominal><ParentCode>R01665    </ParentCode></Item><Item ID="R01670"><Name>Таджикский сомони</Name><EngName>Tajikistan Ruble</EngName><Nominal>10</Nominal><ParentCode>R01670    </ParentCode></Item><Item ID="R01670B"><Name>Таджикский рубл</Name><EngName>Tajikistan Ruble</EngName><Nominal>10</Nominal><ParentCode>R01670    </ParentCode></Item><Item ID="R01700J"><Name>Турецкая лира</Name><EngName>Turkish Lira</EngName><Nominal>1</Nominal><ParentCode>R01700    </ParentCode></Item><Item ID="R01710"><Name>Туркменский манат</Name><EngName>Turkmenistan Manat</EngName><Nominal>10000</Nominal><ParentCode>R01710    </ParentCode></Item><Item ID="R01710A"><Name>Новый туркменский манат</Name><EngName>New Turkmenistan Manat</EngName><Nominal>1</Nominal><ParentCode>R01710    </ParentCode></Item><Item ID="R01717"><Name>Узбекский сум</Name><EngName>Uzbekistan Sum</EngName><Nominal>1000</Nominal><ParentCode>R01717    </ParentCode></Item><Item ID="R01720"><Name>Украинская гривна</Name><EngName>Ukrainian Hryvnia</EngName><Nominal>10</Nominal><ParentCode>R01720    </ParentCode></Item><Item ID="R01720A"><Name>Украинский карбованец</Name><EngName>Ukrainian Hryvnia</EngName><Nominal>1</Nominal><ParentCode>R01720    </ParentCode></Item><Item ID="R01740"><Name>Финляндская марка</Name><EngName>Finnish Marka</EngName><Nominal>100</Nominal><ParentCode>R01740    </ParentCode></Item><Item ID="R01750"><Name>Французский франк</Name><EngName>French Franc</EngName><Nominal>1000</Nominal><ParentCode>R01750    </ParentCode></Item><Item ID="R01760"><Name>Чешская крона</Name><EngName>Czech Koruna</EngName><Nominal>10</Nominal><ParentCode>R01760    </ParentCode></Item><Item ID="R01770"><Name>Шведская крона</Name><EngName>Swedish Krona</EngName><Nominal>10</Nominal><ParentCode>R01770    </ParentCode></Item><Item ID="R01775"><Name>Швейцарский франк</Name><EngName>Swiss Franc</EngName><Nominal>1</Nominal><ParentCode>R01775    </ParentCode></Item><Item ID="R01790"><Name>ЭКЮ</Name><EngName>ECU</EngName><Nominal>1</Nominal><ParentCode>R01790    </ParentCode></Item><Item ID="R01795"><Name>Эстонская крона</Name><EngName>Estonian Kroon</EngName><Nominal>10</Nominal><ParentCode>R01795    </ParentCode></Item><Item ID="R01805"><Name>Югославский новый динар</Name><EngName>Yugoslavian Dinar</EngName><Nominal>1</Nominal><ParentCode>R01804    </ParentCode></Item><Item ID="R01810"><Name>Южноафриканский рэнд</Name><EngName>S.African Rand</EngName><Nominal>10</Nominal><ParentCode>R01810    </ParentCode></Item><Item ID="R01815"><Name>Вон Республики Корея</Name><EngName>South Korean Won</EngName><Nominal>1000</Nominal><ParentCode>R01815    </ParentCode></Item><Item ID="R01820"><Name>Японская иена</Name><EngName>Japanese Yen</EngName><Nominal>100</Nominal><ParentCode>R01820    </ParentCode></Item></Valuta>
2019-10-11 00:08:33,643 [INFO] - TestApi:Started update for: 840=>980
2019-10-11 00:08:33,644 [DEBUG] - TestApi:rate before: XRate(840=>980): 1.0
2019-10-11 00:08:33,741 [DEBUG] - TestApi:rate after: XRate(840=>980): 1.01
2019-10-11 00:08:33,742 [INFO] - TestApi:Finished update for: 840=>980
2019-10-11 00:08:34,287 [INFO] - PrivatApi:Started update for: 840=>980
2019-10-11 00:08:34,288 [DEBUG] - PrivatApi:rate before: XRate(840=>980): 1.0
2019-10-11 00:08:34,745 [DEBUG] - PrivatApi:Privat response: [{'ccy': 'USD', 'base_ccy': 'UAH', 'buy': '24.65000', 'sale': '25.06266'}, {'ccy': 'EUR', 'base_ccy': 'UAH', 'buy': '26.85000', 'sale': '27.54821'}, {'ccy': 'RUR', 'base_ccy': 'UAH', 'buy': '0.35100', 'sale': '0.38601'}, {'ccy': 'BTC', 'base_ccy': 'USD', 'buy': '8172.5524', 'sale': '9032.8210'}]
2019-10-11 00:08:34,874 [DEBUG] - PrivatApi:rate after: XRate(840=>980): 25.06266
2019-10-11 00:08:34,875 [INFO] - PrivatApi:Finished update for: 840=>980
2019-10-11 00:11:04,965 [INFO] - TestApi:Started update for: 840=>980
2019-10-11 00:11:04,966 [DEBUG] - TestApi:rate before: XRate(840=>980): 1.0
2019-10-11 00:11:05,060 [DEBUG] - TestApi:rate after: XRate(840=>980): 1.01
2019-10-11 00:11:05,060 [INFO] - TestApi:Finished update for: 840=>980
2019-10-11 00:11:48,489 [INFO] - CbrApi:Started update for: 840=>643
2019-10-11 00:11:48,490 [DEBUG] - CbrApi:rate before: XRate(840=>643): 1.0
2019-10-11 00:11:48,575 [DEBUG] - CbrApi:response.encoding: windows-1251
2019-10-11 00:11:48,575 [DEBUG] - CbrApi:response.text: <?xml version="1.0" encoding="windows-1251"?><ValCurs Date="08.09.2001" name="Foreign Currency Market"><Valute ID="R01010"><NumCode>036</NumCode><CharCode>AUD</CharCode><Nominal>1</Nominal><Name>Австралийский доллар</Name><Value>15,2300</Value></Valute><Valute ID="R01015"><NumCode>040</NumCode><CharCode>ATS</CharCode><Nominal>10</Nominal><Name>Австрийских шиллингов</Name><Value>19,1400</Value></Valute><Valute ID="R01035"><NumCode>826</NumCode><CharCode>GBP</CharCode><Nominal>1</Nominal><Name>Фунт стерлингов Соединенного королевства</Name><Value>42,8500</Value></Valute><Valute ID="R01090"><NumCode>974</NumCode><CharCode>BYR</CharCode><Nominal>1000</Nominal><Name>Белорусских рублей</Name><Value>19,9900</Value></Valute><Valute ID="R01095"><NumCode>056</NumCode><CharCode>BEF</CharCode><Nominal>100</Nominal><Name>Бельгийских франков</Name><Value>65,2900</Value></Valute><Valute ID="R01205"><NumCode>300</NumCode><CharCode>GRD</CharCode><Nominal>1000</Nominal><Name>Греческих драхм</Name><Value>77,3200</Value></Valute><Valute ID="R01215"><NumCode>208</NumCode><CharCode>DKK</CharCode><Nominal>10</Nominal><Name>Датских крон</Name><Value>35,4000</Value></Valute><Valute ID="R01235"><NumCode>840</NumCode><CharCode>USD</CharCode><Nominal>1</Nominal><Name>Доллар США</Name><Value>29,4300</Value></Valute><Valute ID="R01239"><NumCode>978</NumCode><CharCode>EUR</CharCode><Nominal>1</Nominal><Name>Евро</Name><Value>26,3400</Value></Valute><Valute ID="R01305"><NumCode>372</NumCode><CharCode>IEP</CharCode><Nominal>1</Nominal><Name>Ирландский фунт</Name><Value>33,4400</Value></Valute><Valute ID="R01310"><NumCode>352</NumCode><CharCode>ISK</CharCode><Nominal>100</Nominal><Name>Исландских крон</Name><Value>29,5400</Value></Valute><Valute ID="R01315"><NumCode>724</NumCode><CharCode>ESP</CharCode><Nominal>100</Nominal><Name>Испанских песет</Name><Value>15,8300</Value></Valute><Valute ID="R01325"><NumCode>380</NumCode><CharCode>ITL</CharCode><Nominal>1000</Nominal><Name>Итальянских лир</Name><Value>13,6000</Value></Valute><Valute ID="R01335"><NumCode>398</NumCode><CharCode>KZT</CharCode><Nominal>100</Nominal><Name>Казахстанских тенге</Name><Value>19,9200</Value></Valute><Valute ID="R01350"><NumCode>124</NumCode><CharCode>CAD</CharCode><Nominal>1</Nominal><Name>Канадский доллар</Name><Value>18,8900</Value></Valute><Valute ID="R01510"><NumCode>276</NumCode><CharCode>DEM</CharCode><Nominal>1</Nominal><Name>Немецкая марка</Name><Value>13,4700</Value></Valute><Valute ID="R01523"><NumCode>528</NumCode><CharCode>NLG</CharCode><Nominal>1</Nominal><Name>Нидерландский гульден</Name><Value>11,9500</Value></Valute><Valute ID="R01535"><NumCode>578</NumCode><CharCode>NOK</CharCode><Nominal>10</Nominal><Name>Норвежских крон</Name><Value>33,1500</Value></Valute><Valute ID="R01570"><NumCode>620</NumCode><CharCode>PTE</CharCode><Nominal>100</Nominal><Name>Португальских эскудо</Name><Value>13,1400</Value></Valute><Valute ID="R01589"><NumCode>960</NumCode><CharCode>XDR</CharCode><Nominal>1</Nominal><Name>СДР (специальные права заимствования)</Name><Value>37,4000</Value></Valute><Valute ID="R01625"><NumCode>702</NumCode><CharCode>SGD</CharCode><Nominal>1</Nominal><Name>Сингапурский доллар</Name><Value>16,8200</Value></Valute><Valute ID="R01700"><NumCode>792</NumCode><CharCode>TRL</CharCode><Nominal>1000000</Nominal><Name>Турецких лир</Name><Value>21,3300</Value></Valute><Valute ID="R01720"><NumCode>980</NumCode><CharCode>UAH</CharCode><Nominal>10</Nominal><Name>Украинских гривен</Name><Value>55,1900</Value></Valute><Valute ID="R01740"><NumCode>246</NumCode><CharCode>FIM</CharCode><Nominal>10</Nominal><Name>Финляндских марок</Name><Value>44,3000</Value></Valute><Valute ID="R01750"><NumCode>250</NumCode><CharCode>FRF</CharCode><Nominal>10</Nominal><Name>Французских франков</Name><Value>40,1500</Value></Valute><Valute ID="R01770"><NumCode>752</NumCode><CharCode>SEK</CharCode><Nominal>10</Nominal><Name>Шведских крон</Name><Value>27,7100</Value></Valute><Valute ID="R01775"><NumCode>756</NumCode><CharCode>CHF</CharCode><Nominal>1</Nominal><Name>Швейцарский франк</Name><Value>17,4300</Value></Valute><Valute ID="R01820"><NumCode>392</NumCode><CharCode>JPY</CharCode><Nominal>100</Nominal><Name>Японских иен</Name><Value>24,3100</Value></Valute></ValCurs>
2019-10-11 00:11:48,673 [DEBUG] - CbrApi:rate after: XRate(840=>643): 29.43
2019-10-11 00:11:48,673 [INFO] - CbrApi:Finished update for: 840=>643
2019-10-11 00:11:53,111 [INFO] - CbrApi:Started update for: 840=>643
2019-10-11 00:11:53,112 [DEBUG] - CbrApi:rate before: XRate(840=>643): 1.0
2019-10-11 00:11:53,182 [DEBUG] - CbrApi:response.encoding: windows-1251
2019-10-11 00:11:53,182 [DEBUG] - CbrApi:response.text: <?xml version="1.0" encoding="windows-1251"?><ValCurs Date="08.09.2001" name="Foreign Currency Market"><Valute ID="R01010"><NumCode>036</NumCode><CharCode>AUD</CharCode><Nominal>1</Nominal><Name>Австралийский доллар</Name><Value>15,2300</Value></Valute><Valute ID="R01015"><NumCode>040</NumCode><CharCode>ATS</CharCode><Nominal>10</Nominal><Name>Австрийских шиллингов</Name><Value>19,1400</Value></Valute><Valute ID="R01035"><NumCode>826</NumCode><CharCode>GBP</CharCode><Nominal>1</Nominal><Name>Фунт стерлингов Соединенного королевства</Name><Value>42,8500</Value></Valute><Valute ID="R01090"><NumCode>974</NumCode><CharCode>BYR</CharCode><Nominal>1000</Nominal><Name>Белорусских рублей</Name><Value>19,9900</Value></Valute><Valute ID="R01095"><NumCode>056</NumCode><CharCode>BEF</CharCode><Nominal>100</Nominal><Name>Бельгийских франков</Name><Value>65,2900</Value></Valute><Valute ID="R01205"><NumCode>300</NumCode><CharCode>GRD</CharCode><Nominal>1000</Nominal><Name>Греческих драхм</Name><Value>77,3200</Value></Valute><Valute ID="R01215"><NumCode>208</NumCode><CharCode>DKK</CharCode><Nominal>10</Nominal><Name>Датских крон</Name><Value>35,4000</Value></Valute><Valute ID="R01235"><NumCode>840</NumCode><CharCode>USD</CharCode><Nominal>1</Nominal><Name>Доллар США</Name><Value>29,4300</Value></Valute><Valute ID="R01239"><NumCode>978</NumCode><CharCode>EUR</CharCode><Nominal>1</Nominal><Name>Евро</Name><Value>26,3400</Value></Valute><Valute ID="R01305"><NumCode>372</NumCode><CharCode>IEP</CharCode><Nominal>1</Nominal><Name>Ирландский фунт</Name><Value>33,4400</Value></Valute><Valute ID="R01310"><NumCode>352</NumCode><CharCode>ISK</CharCode><Nominal>100</Nominal><Name>Исландских крон</Name><Value>29,5400</Value></Valute><Valute ID="R01315"><NumCode>724</NumCode><CharCode>ESP</CharCode><Nominal>100</Nominal><Name>Испанских песет</Name><Value>15,8300</Value></Valute><Valute ID="R01325"><NumCode>380</NumCode><CharCode>ITL</CharCode><Nominal>1000</Nominal><Name>Итальянских лир</Name><Value>13,6000</Value></Valute><Valute ID="R01335"><NumCode>398</NumCode><CharCode>KZT</CharCode><Nominal>100</Nominal><Name>Казахстанских тенге</Name><Value>19,9200</Value></Valute><Valute ID="R01350"><NumCode>124</NumCode><CharCode>CAD</CharCode><Nominal>1</Nominal><Name>Канадский доллар</Name><Value>18,8900</Value></Valute><Valute ID="R01510"><NumCode>276</NumCode><CharCode>DEM</CharCode><Nominal>1</Nominal><Name>Немецкая марка</Name><Value>13,4700</Value></Valute><Valute ID="R01523"><NumCode>528</NumCode><CharCode>NLG</CharCode><Nominal>1</Nominal><Name>Нидерландский гульден</Name><Value>11,9500</Value></Valute><Valute ID="R01535"><NumCode>578</NumCode><CharCode>NOK</CharCode><Nominal>10</Nominal><Name>Норвежских крон</Name><Value>33,1500</Value></Valute><Valute ID="R01570"><NumCode>620</NumCode><CharCode>PTE</CharCode><Nominal>100</Nominal><Name>Португальских эскудо</Name><Value>13,1400</Value></Valute><Valute ID="R01589"><NumCode>960</NumCode><CharCode>XDR</CharCode><Nominal>1</Nominal><Name>СДР (специальные права заимствования)</Name><Value>37,4000</Value></Valute><Valute ID="R01625"><NumCode>702</NumCode><CharCode>SGD</CharCode><Nominal>1</Nominal><Name>Сингапурский доллар</Name><Value>16,8200</Value></Valute><Valute ID="R01700"><NumCode>792</NumCode><CharCode>TRL</CharCode><Nominal>1000000</Nominal><Name>Турецких лир</Name><Value>21,3300</Value></Valute><Valute ID="R01720"><NumCode>980</NumCode><CharCode>UAH</CharCode><Nominal>10</Nominal><Name>Украинских гривен</Name><Value>55,1900</Value></Valute><Valute ID="R01740"><NumCode>246</NumCode><CharCode>FIM</CharCode><Nominal>10</Nominal><Name>Финляндских марок</Name><Value>44,3000</Value></Valute><Valute ID="R01750"><NumCode>250</NumCode><CharCode>FRF</CharCode><Nominal>10</Nominal><Name>Французских франков</Name><Value>40,1500</Value></Valute><Valute ID="R01770"><NumCode>752</NumCode><CharCode>SEK</CharCode><Nominal>10</Nominal><Name>Шведских крон</Name><Value>27,7100</Value></Valute><Valute ID="R01775"><NumCode>756</NumCode><CharCode>CHF</CharCode><Nominal>1</Nominal><Name>Швейцарский франк</Name><Value>17,4300</Value></Valute><Valute ID="R01820"><NumCode>392</NumCode><CharCode>JPY</CharCode><Nominal>100</Nominal><Name>Японских иен</Name><Value>24,3100</Value></Valute></ValCurs>
2019-10-11 00:11:53,307 [DEBUG] - CbrApi:rate after: XRate(840=>643): 29.43
2019-10-11 00:11:53,307 [INFO] - CbrApi:Finished update for: 840=>643
2019-10-11 00:12:00,746 [INFO] - CbrApi:Started update for: 840=>643
2019-10-11 00:12:00,747 [DEBUG] - CbrApi:rate before: XRate(840=>643): 1.0
2019-10-11 00:12:00,820 [DEBUG] - CbrApi:response.encoding: windows-1251
2019-10-11 00:12:00,820 [DEBUG] - CbrApi:response.text: <?xml version="1.0" encoding="windows-1251"?><ValCurs Date="08.09.2001" name="Foreign Currency Market"><Valute ID="R01010"><NumCode>036</NumCode><CharCode>AUD</CharCode><Nominal>1</Nominal><Name>Австралийский доллар</Name><Value>15,2300</Value></Valute><Valute ID="R01015"><NumCode>040</NumCode><CharCode>ATS</CharCode><Nominal>10</Nominal><Name>Австрийских шиллингов</Name><Value>19,1400</Value></Valute><Valute ID="R01035"><NumCode>826</NumCode><CharCode>GBP</CharCode><Nominal>1</Nominal><Name>Фунт стерлингов Соединенного королевства</Name><Value>42,8500</Value></Valute><Valute ID="R01090"><NumCode>974</NumCode><CharCode>BYR</CharCode><Nominal>1000</Nominal><Name>Белорусских рублей</Name><Value>19,9900</Value></Valute><Valute ID="R01095"><NumCode>056</NumCode><CharCode>BEF</CharCode><Nominal>100</Nominal><Name>Бельгийских франков</Name><Value>65,2900</Value></Valute><Valute ID="R01205"><NumCode>300</NumCode><CharCode>GRD</CharCode><Nominal>1000</Nominal><Name>Греческих драхм</Name><Value>77,3200</Value></Valute><Valute ID="R01215"><NumCode>208</NumCode><CharCode>DKK</CharCode><Nominal>10</Nominal><Name>Датских крон</Name><Value>35,4000</Value></Valute><Valute ID="R01235"><NumCode>840</NumCode><CharCode>USD</CharCode><Nominal>1</Nominal><Name>Доллар США</Name><Value>29,4300</Value></Valute><Valute ID="R01239"><NumCode>978</NumCode><CharCode>EUR</CharCode><Nominal>1</Nominal><Name>Евро</Name><Value>26,3400</Value></Valute><Valute ID="R01305"><NumCode>372</NumCode><CharCode>IEP</CharCode><Nominal>1</Nominal><Name>Ирландский фунт</Name><Value>33,4400</Value></Valute><Valute ID="R01310"><NumCode>352</NumCode><CharCode>ISK</CharCode><Nominal>100</Nominal><Name>Исландских крон</Name><Value>29,5400</Value></Valute><Valute ID="R01315"><NumCode>724</NumCode><CharCode>ESP</CharCode><Nominal>100</Nominal><Name>Испанских песет</Name><Value>15,8300</Value></Valute><Valute ID="R01325"><NumCode>380</NumCode><CharCode>ITL</CharCode><Nominal>1000</Nominal><Name>Итальянских лир</Name><Value>13,6000</Value></Valute><Valute ID="R01335"><NumCode>398</NumCode><CharCode>KZT</CharCode><Nominal>100</Nominal><Name>Казахстанских тенге</Name><Value>19,9200</Value></Valute><Valute ID="R01350"><NumCode>124</NumCode><CharCode>CAD</CharCode><Nominal>1</Nominal><Name>Канадский доллар</Name><Value>18,8900</Value></Valute><Valute ID="R01510"><NumCode>276</NumCode><CharCode>DEM</CharCode><Nominal>1</Nominal><Name>Немецкая марка</Name><Value>13,4700</Value></Valute><Valute ID="R01523"><NumCode>528</NumCode><CharCode>NLG</CharCode><Nominal>1</Nominal><Name>Нидерландский гульден</Name><Value>11,9500</Value></Valute><Valute ID="R01535"><NumCode>578</NumCode><CharCode>NOK</CharCode><Nominal>10</Nominal><Name>Норвежских крон</Name><Value>33,1500</Value></Valute><Valute ID="R01570"><NumCode>620</NumCode><CharCode>PTE</CharCode><Nominal>100</Nominal><Name>Португальских эскудо</Name><Value>13,1400</Value></Valute><Valute ID="R01589"><NumCode>960</NumCode><CharCode>XDR</CharCode><Nominal>1</Nominal><Name>СДР (специальные права заимствования)</Name><Value>37,4000</Value></Valute><Valute ID="R01625"><NumCode>702</NumCode><CharCode>SGD</CharCode><Nominal>1</Nominal><Name>Сингапурский доллар</Name><Value>16,8200</Value></Valute><Valute ID="R01700"><NumCode>792</NumCode><CharCode>TRL</CharCode><Nominal>1000000</Nominal><Name>Турецких лир</Name><Value>21,3300</Value></Valute><Valute ID="R01720"><NumCode>980</NumCode><CharCode>UAH</CharCode><Nominal>10</Nominal><Name>Украинских гривен</Name><Value>55,1900</Value></Valute><Valute ID="R01740"><NumCode>246</NumCode><CharCode>FIM</CharCode><Nominal>10</Nominal><Name>Финляндских марок</Name><Value>44,3000</Value></Valute><Valute ID="R01750"><NumCode>250</NumCode><CharCode>FRF</CharCode><Nominal>10</Nominal><Name>Французских франков</Name><Value>40,1500</Value></Valute><Valute ID="R01770"><NumCode>752</NumCode><CharCode>SEK</CharCode><Nominal>10</Nominal><Name>Шведских крон</Name><Value>27,7100</Value></Valute><Valute ID="R01775"><NumCode>756</NumCode><CharCode>CHF</CharCode><Nominal>1</Nominal><Name>Швейцарский франк</Name><Value>17,4300</Value></Valute><Valute ID="R01820"><NumCode>392</NumCode><CharCode>JPY</CharCode><Nominal>100</Nominal><Name>Японских иен</Name><Value>24,3100</Value></Valute></ValCurs>
2019-10-11 00:12:00,907 [DEBUG] - CbrApi:rate after: XRate(840=>643): 29.43
2019-10-11 00:12:00,907 [INFO] - CbrApi:Finished update for: 840=>643
2019-10-11 00:12:52,360 [INFO] - CbrApi:Started update for: 840=>643
2019-10-11 00:12:52,361 [DEBUG] - CbrApi:rate before: XRate(840=>643): 1.0
2019-10-11 00:12:52,651 [DEBUG] - CbrApi:response.encoding: windows-1251
2019-10-11 00:12:52,651 [DEBUG] - CbrApi:response.text: <?xml version="1.0" encoding="windows-1251"?><ValCurs Date="08.09.2001" name="Foreign Currency Market"><Valute ID="R01010"><NumCode>036</NumCode><CharCode>AUD</CharCode><Nominal>1</Nominal><Name>Австралийский доллар</Name><Value>15,2300</Value></Valute><Valute ID="R01015"><NumCode>040</NumCode><CharCode>ATS</CharCode><Nominal>10</Nominal><Name>Австрийских шиллингов</Name><Value>19,1400</Value></Valute><Valute ID="R01035"><NumCode>826</NumCode><CharCode>GBP</CharCode><Nominal>1</Nominal><Name>Фунт стерлингов Соединенного королевства</Name><Value>42,8500</Value></Valute><Valute ID="R01090"><NumCode>974</NumCode><CharCode>BYR</CharCode><Nominal>1000</Nominal><Name>Белорусских рублей</Name><Value>19,9900</Value></Valute><Valute ID="R01095"><NumCode>056</NumCode><CharCode>BEF</CharCode><Nominal>100</Nominal><Name>Бельгийских франков</Name><Value>65,2900</Value></Valute><Valute ID="R01205"><NumCode>300</NumCode><CharCode>GRD</CharCode><Nominal>1000</Nominal><Name>Греческих драхм</Name><Value>77,3200</Value></Valute><Valute ID="R01215"><NumCode>208</NumCode><CharCode>DKK</CharCode><Nominal>10</Nominal><Name>Датских крон</Name><Value>35,4000</Value></Valute><Valute ID="R01235"><NumCode>840</NumCode><CharCode>USD</CharCode><Nominal>1</Nominal><Name>Доллар США</Name><Value>29,4300</Value></Valute><Valute ID="R01239"><NumCode>978</NumCode><CharCode>EUR</CharCode><Nominal>1</Nominal><Name>Евро</Name><Value>26,3400</Value></Valute><Valute ID="R01305"><NumCode>372</NumCode><CharCode>IEP</CharCode><Nominal>1</Nominal><Name>Ирландский фунт</Name><Value>33,4400</Value></Valute><Valute ID="R01310"><NumCode>352</NumCode><CharCode>ISK</CharCode><Nominal>100</Nominal><Name>Исландских крон</Name><Value>29,5400</Value></Valute><Valute ID="R01315"><NumCode>724</NumCode><CharCode>ESP</CharCode><Nominal>100</Nominal><Name>Испанских песет</Name><Value>15,8300</Value></Valute><Valute ID="R01325"><NumCode>380</NumCode><CharCode>ITL</CharCode><Nominal>1000</Nominal><Name>Итальянских лир</Name><Value>13,6000</Value></Valute><Valute ID="R01335"><NumCode>398</NumCode><CharCode>KZT</CharCode><Nominal>100</Nominal><Name>Казахстанских тенге</Name><Value>19,9200</Value></Valute><Valute ID="R01350"><NumCode>124</NumCode><CharCode>CAD</CharCode><Nominal>1</Nominal><Name>Канадский доллар</Name><Value>18,8900</Value></Valute><Valute ID="R01510"><NumCode>276</NumCode><CharCode>DEM</CharCode><Nominal>1</Nominal><Name>Немецкая марка</Name><Value>13,4700</Value></Valute><Valute ID="R01523"><NumCode>528</NumCode><CharCode>NLG</CharCode><Nominal>1</Nominal><Name>Нидерландский гульден</Name><Value>11,9500</Value></Valute><Valute ID="R01535"><NumCode>578</NumCode><CharCode>NOK</CharCode><Nominal>10</Nominal><Name>Норвежских крон</Name><Value>33,1500</Value></Valute><Valute ID="R01570"><NumCode>620</NumCode><CharCode>PTE</CharCode><Nominal>100</Nominal><Name>Португальских эскудо</Name><Value>13,1400</Value></Valute><Valute ID="R01589"><NumCode>960</NumCode><CharCode>XDR</CharCode><Nominal>1</Nominal><Name>СДР (специальные права заимствования)</Name><Value>37,4000</Value></Valute><Valute ID="R01625"><NumCode>702</NumCode><CharCode>SGD</CharCode><Nominal>1</Nominal><Name>Сингапурский доллар</Name><Value>16,8200</Value></Valute><Valute ID="R01700"><NumCode>792</NumCode><CharCode>TRL</CharCode><Nominal>1000000</Nominal><Name>Турецких лир</Name><Value>21,3300</Value></Valute><Valute ID="R01720"><NumCode>980</NumCode><CharCode>UAH</CharCode><Nominal>10</Nominal><Name>Украинских гривен</Name><Value>55,1900</Value></Valute><Valute ID="R01740"><NumCode>246</NumCode><CharCode>FIM</CharCode><Nominal>10</Nominal><Name>Финляндских марок</Name><Value>44,3000</Value></Valute><Valute ID="R01750"><NumCode>250</NumCode><CharCode>FRF</CharCode><Nominal>10</Nominal><Name>Французских франков</Name><Value>40,1500</Value></Valute><Valute ID="R01770"><NumCode>752</NumCode><CharCode>SEK</CharCode><Nominal>10</Nominal><Name>Шведских крон</Name><Value>27,7100</Value></Valute><Valute ID="R01775"><NumCode>756</NumCode><CharCode>CHF</CharCode><Nominal>1</Nominal><Name>Швейцарский франк</Name><Value>17,4300</Value></Valute><Valute ID="R01820"><NumCode>392</NumCode><CharCode>JPY</CharCode><Nominal>100</Nominal><Name>Японских иен</Name><Value>24,3100</Value></Valute></ValCurs>
2019-10-11 00:12:52,776 [DEBUG] - CbrApi:rate after: XRate(840=>643): 29.43
2019-10-11 00:12:52,776 [INFO] - CbrApi:Finished update for: 840=>643
2019-10-11 00:12:53,289 [INFO] - TestApi:Started update for: 840=>980
2019-10-11 00:12:53,290 [DEBUG] - TestApi:rate before: XRate(840=>980): 1.0
2019-10-11 00:12:53,423 [DEBUG] - TestApi:rate after: XRate(840=>980): 1.01
2019-10-11 00:12:53,423 [INFO] - TestApi:Finished update for: 840=>980
2019-10-11 00:12:53,945 [INFO] - PrivatApi:Started update for: 840=>980
2019-10-11 00:12:53,946 [DEBUG] - PrivatApi:rate before: XRate(840=>980): 1.0
2019-10-11 00:12:54,392 [DEBUG] - PrivatApi:Privat response: [{'ccy': 'USD', 'base_ccy': 'UAH', 'buy': '24.65000', 'sale': '25.06266'}, {'ccy': 'EUR', 'base_ccy': 'UAH', 'buy': '26.85000', 'sale': '27.54821'}, {'ccy': 'RUR', 'base_ccy': 'UAH', 'buy': '0.35100', 'sale': '0.38601'}, {'ccy': 'BTC', 'base_ccy': 'USD', 'buy': '8167.0661', 'sale': '9026.7573'}]
2019-10-11 00:12:54,487 [DEBUG] - PrivatApi:rate after: XRate(840=>980): 25.06266
2019-10-11 00:12:54,488 [INFO] - PrivatApi:Finished update for: 840=>980
2019-10-11 00:13:14,738 [INFO] - CbrApi:Started update for: 840=>643
2019-10-11 00:13:14,739 [DEBUG] - CbrApi:rate before: XRate(840=>643): 1.0
2019-10-11 00:13:14,813 [DEBUG] - CbrApi:response.encoding: windows-1251
2019-10-11 00:13:14,813 [DEBUG] - CbrApi:response.text: <?xml version="1.0" encoding="windows-1251"?><ValCurs Date="08.09.2001" name="Foreign Currency Market"><Valute ID="R01010"><NumCode>036</NumCode><CharCode>AUD</CharCode><Nominal>1</Nominal><Name>Австралийский доллар</Name><Value>15,2300</Value></Valute><Valute ID="R01015"><NumCode>040</NumCode><CharCode>ATS</CharCode><Nominal>10</Nominal><Name>Австрийских шиллингов</Name><Value>19,1400</Value></Valute><Valute ID="R01035"><NumCode>826</NumCode><CharCode>GBP</CharCode><Nominal>1</Nominal><Name>Фунт стерлингов Соединенного королевства</Name><Value>42,8500</Value></Valute><Valute ID="R01090"><NumCode>974</NumCode><CharCode>BYR</CharCode><Nominal>1000</Nominal><Name>Белорусских рублей</Name><Value>19,9900</Value></Valute><Valute ID="R01095"><NumCode>056</NumCode><CharCode>BEF</CharCode><Nominal>100</Nominal><Name>Бельгийских франков</Name><Value>65,2900</Value></Valute><Valute ID="R01205"><NumCode>300</NumCode><CharCode>GRD</CharCode><Nominal>1000</Nominal><Name>Греческих драхм</Name><Value>77,3200</Value></Valute><Valute ID="R01215"><NumCode>208</NumCode><CharCode>DKK</CharCode><Nominal>10</Nominal><Name>Датских крон</Name><Value>35,4000</Value></Valute><Valute ID="R01235"><NumCode>840</NumCode><CharCode>USD</CharCode><Nominal>1</Nominal><Name>Доллар США</Name><Value>29,4300</Value></Valute><Valute ID="R01239"><NumCode>978</NumCode><CharCode>EUR</CharCode><Nominal>1</Nominal><Name>Евро</Name><Value>26,3400</Value></Valute><Valute ID="R01305"><NumCode>372</NumCode><CharCode>IEP</CharCode><Nominal>1</Nominal><Name>Ирландский фунт</Name><Value>33,4400</Value></Valute><Valute ID="R01310"><NumCode>352</NumCode><CharCode>ISK</CharCode><Nominal>100</Nominal><Name>Исландских крон</Name><Value>29,5400</Value></Valute><Valute ID="R01315"><NumCode>724</NumCode><CharCode>ESP</CharCode><Nominal>100</Nominal><Name>Испанских песет</Name><Value>15,8300</Value></Valute><Valute ID="R01325"><NumCode>380</NumCode><CharCode>ITL</CharCode><Nominal>1000</Nominal><Name>Итальянских лир</Name><Value>13,6000</Value></Valute><Valute ID="R01335"><NumCode>398</NumCode><CharCode>KZT</CharCode><Nominal>100</Nominal><Name>Казахстанских тенге</Name><Value>19,9200</Value></Valute><Valute ID="R01350"><NumCode>124</NumCode><CharCode>CAD</CharCode><Nominal>1</Nominal><Name>Канадский доллар</Name><Value>18,8900</Value></Valute><Valute ID="R01510"><NumCode>276</NumCode><CharCode>DEM</CharCode><Nominal>1</Nominal><Name>Немецкая марка</Name><Value>13,4700</Value></Valute><Valute ID="R01523"><NumCode>528</NumCode><CharCode>NLG</CharCode><Nominal>1</Nominal><Name>Нидерландский гульден</Name><Value>11,9500</Value></Valute><Valute ID="R01535"><NumCode>578</NumCode><CharCode>NOK</CharCode><Nominal>10</Nominal><Name>Норвежских крон</Name><Value>33,1500</Value></Valute><Valute ID="R01570"><NumCode>620</NumCode><CharCode>PTE</CharCode><Nominal>100</Nominal><Name>Португальских эскудо</Name><Value>13,1400</Value></Valute><Valute ID="R01589"><NumCode>960</NumCode><CharCode>XDR</CharCode><Nominal>1</Nominal><Name>СДР (специальные права заимствования)</Name><Value>37,4000</Value></Valute><Valute ID="R01625"><NumCode>702</NumCode><CharCode>SGD</CharCode><Nominal>1</Nominal><Name>Сингапурский доллар</Name><Value>16,8200</Value></Valute><Valute ID="R01700"><NumCode>792</NumCode><CharCode>TRL</CharCode><Nominal>1000000</Nominal><Name>Турецких лир</Name><Value>21,3300</Value></Valute><Valute ID="R01720"><NumCode>980</NumCode><CharCode>UAH</CharCode><Nominal>10</Nominal><Name>Украинских гривен</Name><Value>55,1900</Value></Valute><Valute ID="R01740"><NumCode>246</NumCode><CharCode>FIM</CharCode><Nominal>10</Nominal><Name>Финляндских марок</Name><Value>44,3000</Value></Valute><Valute ID="R01750"><NumCode>250</NumCode><CharCode>FRF</CharCode><Nominal>10</Nominal><Name>Французских франков</Name><Value>40,1500</Value></Valute><Valute ID="R01770"><NumCode>752</NumCode><CharCode>SEK</CharCode><Nominal>10</Nominal><Name>Шведских крон</Name><Value>27,7100</Value></Valute><Valute ID="R01775"><NumCode>756</NumCode><CharCode>CHF</CharCode><Nominal>1</Nominal><Name>Швейцарский франк</Name><Value>17,4300</Value></Valute><Valute ID="R01820"><NumCode>392</NumCode><CharCode>JPY</CharCode><Nominal>100</Nominal><Name>Японских иен</Name><Value>24,3100</Value></Valute></ValCurs>
2019-10-11 00:13:14,911 [DEBUG] - CbrApi:rate after: XRate(840=>643): 29.43
2019-10-11 00:13:14,911 [INFO] - CbrApi:Finished update for: 840=>643
2019-10-11 00:13:15,423 [INFO] - TestApi:Started update for: 840=>980
2019-10-11 00:13:15,424 [DEBUG] - TestApi:rate before: XRate(840=>980): 1.0
2019-10-11 00:13:15,521 [DEBUG] - TestApi:rate after: XRate(840=>980): 1.01
2019-10-11 00:13:15,521 [INFO] - TestApi:Finished update for: 840=>980
2019-10-11 00:13:16,002 [INFO] - PrivatApi:Started update for: 840=>980
2019-10-11 00:13:16,003 [DEBUG] - PrivatApi:rate before: XRate(840=>980): 1.0
2019-10-11 00:13:16,471 [DEBUG] - PrivatApi:Privat response: [{'ccy': 'USD', 'base_ccy': 'UAH', 'buy': '24.65000', 'sale': '25.06266'}, {'ccy': 'EUR', 'base_ccy': 'UAH', 'buy': '26.85000', 'sale': '27.54821'}, {'ccy': 'RUR', 'base_ccy': 'UAH', 'buy': '0.35100', 'sale': '0.38601'}, {'ccy': 'BTC', 'base_ccy': 'USD', 'buy': '8167.0661', 'sale': '9026.7573'}]
2019-10-11 00:13:16,611 [DEBUG] - PrivatApi:rate after: XRate(840=>980): 25.06266
2019-10-11 00:13:16,611 [INFO] - PrivatApi:Finished update for: 840=>980
